<?xml version="1.0" encoding="UTF-8"?>
<testng-results ignored="0" total="2" passed="2" failed="0" skipped="0">
  <reporter-output>
  </reporter-output>
  <suite started-at="2025-09-02T11:50:24 IST" name="Default suite" finished-at="2025-09-02T11:50:24 IST" duration-ms="84">
    <groups>
    </groups>
    <test started-at="2025-09-02T11:50:24 IST" name="Default test" finished-at="2025-09-02T11:50:24 IST" duration-ms="84">
      <class name="package2.MyTest">
        <test-method signature="StreamMap()[pri:0, instance:package2.MyTest@4135c3b]" started-at="2025-09-02T11:50:24 IST" name="StreamMap" finished-at="2025-09-02T11:50:24 IST" duration-ms="14" status="PASS">
          <reporter-output>
          </reporter-output>
        </test-method> <!-- StreamMap -->
        <test-method signature="streamCollect()[pri:0, instance:package2.MyTest@4135c3b]" started-at="2025-09-02T11:50:24 IST" name="streamCollect" finished-at="2025-09-02T11:50:24 IST" duration-ms="3" status="PASS">
          <reporter-output>
          </reporter-output>
        </test-method> <!-- streamCollect -->
      </class> <!-- package2.MyTest -->
    </test> <!-- Default test -->
  </suite> <!-- Default suite -->
</testng-results>
